<?xml version="1.0" encoding="UTF-8"?>
<!-- Generated by org.testng.reporters.JUnitXMLReporter -->
<testsuite ignored="1" hostname="shihab-hasan" failures="0" tests="3" name="loan" time="0.003" errors="0" timestamp="2023-02-11T14:19:33 BDT">
  <testcase classname="testng" name="NG" time="0.0"/>
  <testcase classname="testng" name="ng2" time="0.0"/>
  <testcase classname="testng" name="ng4" time="0.0"/>
  <testcase classname="testng" name="ng3" time="0.0">
    <ignored/>
  </testcase> <!-- ng3 -->
</testsuite> <!-- loan -->
