<?xml version="1.0" encoding="UTF-8"?>
<testng-results ignored="1" total="7" passed="6" failed="0" skipped="0">
  <reporter-output>
  </reporter-output>
  <suite started-at="2023-02-11T14:19:33 BDT" name="Suite" finished-at="2023-02-11T14:19:33 BDT" duration-ms="62">
    <groups>
    </groups>
    <test started-at="2023-02-11T14:19:33 BDT" name="Test" finished-at="2023-02-11T14:19:33 BDT" duration-ms="25">
      <class name="testing2">
        <test-method signature="jj()[pri:0, instance:testing2@2525ff7e]" started-at="2023-02-11T14:19:33 BDT" name="jj" finished-at="2023-02-11T14:19:33 BDT" duration-ms="3" status="PASS">
          <reporter-output>
          </reporter-output>
        </test-method> <!-- jj -->
        <test-method signature="kk()[pri:0, instance:testing2@2525ff7e]" started-at="2023-02-11T14:19:33 BDT" name="kk" finished-at="2023-02-11T14:19:33 BDT" duration-ms="0" status="PASS">
          <reporter-output>
          </reporter-output>
        </test-method> <!-- kk -->
        <test-method signature="ll()[pri:0, instance:testing2@2525ff7e]" started-at="2023-02-11T14:19:33 BDT" name="ll" finished-at="2023-02-11T14:19:33 BDT" duration-ms="0" status="PASS">
          <reporter-output>
          </reporter-output>
        </test-method> <!-- ll -->
      </class> <!-- testing2 -->
    </test> <!-- Test -->
    <test started-at="2023-02-11T14:19:33 BDT" name="loan" finished-at="2023-02-11T14:19:33 BDT" duration-ms="3">
      <class name="testng">
        <test-method signature="NG()[pri:0, instance:testng@446293d]" started-at="2023-02-11T14:19:33 BDT" name="NG" finished-at="2023-02-11T14:19:33 BDT" duration-ms="0" status="PASS">
          <reporter-output>
          </reporter-output>
        </test-method> <!-- NG -->
        <test-method signature="ng2()[pri:0, instance:testng@446293d]" started-at="2023-02-11T14:19:33 BDT" name="ng2" finished-at="2023-02-11T14:19:33 BDT" duration-ms="0" status="PASS">
          <reporter-output>
          </reporter-output>
        </test-method> <!-- ng2 -->
        <test-method signature="ng4()[pri:0, instance:testng@446293d]" started-at="2023-02-11T14:19:33 BDT" name="ng4" finished-at="2023-02-11T14:19:33 BDT" duration-ms="0" status="PASS">
          <reporter-output>
          </reporter-output>
        </test-method> <!-- ng4 -->
      </class> <!-- testng -->
    </test> <!-- loan -->
  </suite> <!-- Suite -->
</testng-results>
